Start testing: Jan 23 12:53 CST
----------------------------------------------------------
1/8 Testing: database_project_csv_data_loader_test
1/8 Test: database_project_csv_data_loader_test
Command: "/home/dcs/software/bytedance-database-project/build/test/lab1/csv_data_loader_test"
Directory: /home/dcs/software/bytedance-database-project/build/test/lab1
"database_project_csv_data_loader_test" start time: Jan 23 12:53 CST
Output:
----------------------------------------------------------
Running main() from /home/dcs/software/bytedance-database-project/googletest/googletest/src/gtest_main.cc
[==========] Running 1 test from 1 test suite.
[----------] Global test environment set-up.
[----------] 1 test from CsvDataLoaderTest
[ RUN      ] CsvDataLoaderTest.BasicTest
[       OK ] CsvDataLoaderTest.BasicTest (0 ms)
[----------] 1 test from CsvDataLoaderTest (0 ms total)

[----------] Global test environment tear-down
[==========] 1 test from 1 test suite ran. (0 ms total)
[  PASSED  ] 1 test.
<end of output>
Test time =   0.01 sec
----------------------------------------------------------
Test Passed.
"database_project_csv_data_loader_test" end time: Jan 23 12:53 CST
"database_project_csv_data_loader_test" time elapsed: 00:00:00
----------------------------------------------------------

2/8 Testing: database_project_lab1_test
2/8 Test: database_project_lab1_test
Command: "/home/dcs/software/bytedance-database-project/build/test/lab1/lab1_test"
Directory: /home/dcs/software/bytedance-database-project/build/test/lab1
"database_project_lab1_test" start time: Jan 23 12:53 CST
Output:
----------------------------------------------------------
Running main() from /home/dcs/software/bytedance-database-project/googletest/googletest/src/gtest_main.cc
[==========] Running 2 tests from 1 test suite.
[----------] Global test environment set-up.
[----------] 2 tests from Lab1Test
[ RUN      ] Lab1Test.TestRowTable
[       OK ] Lab1Test.TestRowTable (0 ms)
[ RUN      ] Lab1Test.TestColumnTable
[       OK ] Lab1Test.TestColumnTable (0 ms)
[----------] 2 tests from Lab1Test (0 ms total)

[----------] Global test environment tear-down
[==========] 2 tests from 1 test suite ran. (1 ms total)
[  PASSED  ] 2 tests.
<end of output>
Test time =   0.01 sec
----------------------------------------------------------
Test Passed.
"database_project_lab1_test" end time: Jan 23 12:53 CST
"database_project_lab1_test" time elapsed: 00:00:00
----------------------------------------------------------

3/8 Testing: database_project_column_sum_test
3/8 Test: database_project_column_sum_test
Command: "/home/dcs/software/bytedance-database-project/build/test/lab2/column_sum_test"
Directory: /home/dcs/software/bytedance-database-project/build/test/lab2
"database_project_column_sum_test" start time: Jan 23 12:53 CST
Output:
----------------------------------------------------------
Running main() from /home/dcs/software/bytedance-database-project/googletest/googletest/src/gtest_main.cc
[==========] Running 3 tests from 1 test suite.
[----------] Global test environment set-up.
[----------] 3 tests from ColumnSumTest
[ RUN      ] ColumnSumTest.TestRowTable
[       OK ] ColumnSumTest.TestRowTable (0 ms)
[ RUN      ] ColumnSumTest.TestColumnTable
[       OK ] ColumnSumTest.TestColumnTable (0 ms)
[ RUN      ] ColumnSumTest.TestIndexedTable
[       OK ] ColumnSumTest.TestIndexedTable (0 ms)
[----------] 3 tests from ColumnSumTest (1 ms total)

[----------] Global test environment tear-down
[==========] 3 tests from 1 test suite ran. (1 ms total)
[  PASSED  ] 3 tests.
<end of output>
Test time =   0.01 sec
----------------------------------------------------------
Test Passed.
"database_project_column_sum_test" end time: Jan 23 12:53 CST
"database_project_column_sum_test" time elapsed: 00:00:00
----------------------------------------------------------

4/8 Testing: database_project_custom_table_test
4/8 Test: database_project_custom_table_test
Command: "/home/dcs/software/bytedance-database-project/build/test/lab2/custom_table_test"
Directory: /home/dcs/software/bytedance-database-project/build/test/lab2
"database_project_custom_table_test" start time: Jan 23 12:53 CST
Output:
----------------------------------------------------------
Running main() from /home/dcs/software/bytedance-database-project/googletest/googletest/src/gtest_main.cc
[==========] Running 1 test from 1 test suite.
[----------] Global test environment set-up.
[----------] 1 test from CustomTest
[ RUN      ] CustomTest.TestRowTable
[       OK ] CustomTest.TestRowTable (0 ms)
[----------] 1 test from CustomTest (0 ms total)

[----------] Global test environment tear-down
[==========] 1 test from 1 test suite ran. (0 ms total)
[  PASSED  ] 1 test.
<end of output>
Test time =   0.00 sec
----------------------------------------------------------
Test Passed.
"database_project_custom_table_test" end time: Jan 23 12:53 CST
"database_project_custom_table_test" time elapsed: 00:00:00
----------------------------------------------------------

5/8 Testing: database_project_predicated_all_columns_sum_test
5/8 Test: database_project_predicated_all_columns_sum_test
Command: "/home/dcs/software/bytedance-database-project/build/test/lab2/predicated_all_columns_sum_test"
Directory: /home/dcs/software/bytedance-database-project/build/test/lab2
"database_project_predicated_all_columns_sum_test" start time: Jan 23 12:53 CST
Output:
----------------------------------------------------------
Running main() from /home/dcs/software/bytedance-database-project/googletest/googletest/src/gtest_main.cc
[==========] Running 3 tests from 1 test suite.
[----------] Global test environment set-up.
[----------] 3 tests from PredicatedAllColumnsSumTest
[ RUN      ] PredicatedAllColumnsSumTest.TestRowTable
[       OK ] PredicatedAllColumnsSumTest.TestRowTable (0 ms)
[ RUN      ] PredicatedAllColumnsSumTest.TestColumnTable
[       OK ] PredicatedAllColumnsSumTest.TestColumnTable (0 ms)
[ RUN      ] PredicatedAllColumnsSumTest.TestIndexedTable
[       OK ] PredicatedAllColumnsSumTest.TestIndexedTable (0 ms)
[----------] 3 tests from PredicatedAllColumnsSumTest (1 ms total)

[----------] Global test environment tear-down
[==========] 3 tests from 1 test suite ran. (1 ms total)
[  PASSED  ] 3 tests.
<end of output>
Test time =   0.00 sec
----------------------------------------------------------
Test Passed.
"database_project_predicated_all_columns_sum_test" end time: Jan 23 12:53 CST
"database_project_predicated_all_columns_sum_test" time elapsed: 00:00:00
----------------------------------------------------------

6/8 Testing: database_project_predicated_column_sum_test
6/8 Test: database_project_predicated_column_sum_test
Command: "/home/dcs/software/bytedance-database-project/build/test/lab2/predicated_column_sum_test"
Directory: /home/dcs/software/bytedance-database-project/build/test/lab2
"database_project_predicated_column_sum_test" start time: Jan 23 12:53 CST
Output:
----------------------------------------------------------
Running main() from /home/dcs/software/bytedance-database-project/googletest/googletest/src/gtest_main.cc
[==========] Running 3 tests from 1 test suite.
[----------] Global test environment set-up.
[----------] 3 tests from PredicatedColumnSumTest
[ RUN      ] PredicatedColumnSumTest.RowTableTest
[       OK ] PredicatedColumnSumTest.RowTableTest (0 ms)
[ RUN      ] PredicatedColumnSumTest.ColumnTableTest
[       OK ] PredicatedColumnSumTest.ColumnTableTest (0 ms)
[ RUN      ] PredicatedColumnSumTest.IndexedRowTableTest
[       OK ] PredicatedColumnSumTest.IndexedRowTableTest (0 ms)
[----------] 3 tests from PredicatedColumnSumTest (1 ms total)

[----------] Global test environment tear-down
[==========] 3 tests from 1 test suite ran. (1 ms total)
[  PASSED  ] 3 tests.
<end of output>
Test time =   0.01 sec
----------------------------------------------------------
Test Passed.
"database_project_predicated_column_sum_test" end time: Jan 23 12:53 CST
"database_project_predicated_column_sum_test" time elapsed: 00:00:00
----------------------------------------------------------

7/8 Testing: database_project_predicated_update_test
7/8 Test: database_project_predicated_update_test
Command: "/home/dcs/software/bytedance-database-project/build/test/lab2/predicated_update_test"
Directory: /home/dcs/software/bytedance-database-project/build/test/lab2
"database_project_predicated_update_test" start time: Jan 23 12:53 CST
Output:
----------------------------------------------------------
Running main() from /home/dcs/software/bytedance-database-project/googletest/googletest/src/gtest_main.cc
[==========] Running 3 tests from 1 test suite.
[----------] Global test environment set-up.
[----------] 3 tests from PredicatedUpdateTest
[ RUN      ] PredicatedUpdateTest.RowTableTest
[       OK ] PredicatedUpdateTest.RowTableTest (2 ms)
[ RUN      ] PredicatedUpdateTest.ColumnTableTest
[       OK ] PredicatedUpdateTest.ColumnTableTest (0 ms)
[ RUN      ] PredicatedUpdateTest.IndexedRowTableTest
[       OK ] PredicatedUpdateTest.IndexedRowTableTest (0 ms)
[----------] 3 tests from PredicatedUpdateTest (2 ms total)

[----------] Global test environment tear-down
[==========] 3 tests from 1 test suite ran. (2 ms total)
[  PASSED  ] 3 tests.
<end of output>
Test time =   0.01 sec
----------------------------------------------------------
Test Passed.
"database_project_predicated_update_test" end time: Jan 23 12:53 CST
"database_project_predicated_update_test" time elapsed: 00:00:00
----------------------------------------------------------

8/8 Testing: database_project_put_get_test
8/8 Test: database_project_put_get_test
Command: "/home/dcs/software/bytedance-database-project/build/test/lab2/put_get_test"
Directory: /home/dcs/software/bytedance-database-project/build/test/lab2
"database_project_put_get_test" start time: Jan 23 12:53 CST
Output:
----------------------------------------------------------
Running main() from /home/dcs/software/bytedance-database-project/googletest/googletest/src/gtest_main.cc
[==========] Running 3 tests from 1 test suite.
[----------] Global test environment set-up.
[----------] 3 tests from PutGetTest
[ RUN      ] PutGetTest.RowTableTest
[       OK ] PutGetTest.RowTableTest (0 ms)
[ RUN      ] PutGetTest.ColumnTableTest
[       OK ] PutGetTest.ColumnTableTest (0 ms)
[ RUN      ] PutGetTest.IndexedRowTableTest
[       OK ] PutGetTest.IndexedRowTableTest (0 ms)
[----------] 3 tests from PutGetTest (1 ms total)

[----------] Global test environment tear-down
[==========] 3 tests from 1 test suite ran. (1 ms total)
[  PASSED  ] 3 tests.
<end of output>
Test time =   0.01 sec
----------------------------------------------------------
Test Passed.
"database_project_put_get_test" end time: Jan 23 12:53 CST
"database_project_put_get_test" time elapsed: 00:00:00
----------------------------------------------------------

End testing: Jan 23 12:53 CST
